{"/Users/Home/Desktop/OneDrive/CMU/FSE_TA/BSK-TDD/src/Frame.js":{"path":"/Users/Home/Desktop/OneDrive/CMU/FSE_TA/BSK-TDD/src/Frame.js","s":{"1":1,"2":116,"3":1,"4":115,"5":115,"6":1,"7":27,"8":1,"9":1,"10":1,"11":379,"12":1,"13":139,"14":1,"15":161,"16":1},"b":{"1":[1,115],"2":[116,116],"3":[161,159]},"f":{"1":116,"2":27,"3":1,"4":379,"5":139,"6":161},"fnMap":{"1":{"name":"Frame","line":1,"loc":{"start":{"line":1,"column":0},"end":{"line":1,"column":20}}},"2":{"name":"(anonymous_2)","line":9,"loc":{"start":{"line":9,"column":29},"end":{"line":9,"column":39}}},"3":{"name":"(anonymous_3)","line":12,"loc":{"start":{"line":12,"column":30},"end":{"line":12,"column":40}}},"4":{"name":"(anonymous_4)","line":16,"loc":{"start":{"line":16,"column":27},"end":{"line":16,"column":37}}},"5":{"name":"(anonymous_5)","line":20,"loc":{"start":{"line":20,"column":22},"end":{"line":20,"column":32}}},"6":{"name":"(anonymous_6)","line":24,"loc":{"start":{"line":24,"column":26},"end":{"line":24,"column":36}}}},"statementMap":{"1":{"start":{"line":1,"column":0},"end":{"line":7,"column":1}},"2":{"start":{"line":2,"column":2},"end":{"line":4,"column":3}},"3":{"start":{"line":3,"column":5},"end":{"line":3,"column":38}},"4":{"start":{"line":5,"column":2},"end":{"line":5,"column":23}},"5":{"start":{"line":6,"column":2},"end":{"line":6,"column":24}},"6":{"start":{"line":9,"column":0},"end":{"line":11,"column":2}},"7":{"start":{"line":10,"column":2},"end":{"line":10,"column":26}},"8":{"start":{"line":12,"column":0},"end":{"line":14,"column":2}},"9":{"start":{"line":13,"column":2},"end":{"line":13,"column":27}},"10":{"start":{"line":16,"column":0},"end":{"line":18,"column":2}},"11":{"start":{"line":17,"column":2},"end":{"line":17,"column":33}},"12":{"start":{"line":20,"column":0},"end":{"line":22,"column":2}},"13":{"start":{"line":21,"column":2},"end":{"line":21,"column":46}},"14":{"start":{"line":24,"column":0},"end":{"line":26,"column":2}},"15":{"start":{"line":25,"column":2},"end":{"line":25,"column":74}},"16":{"start":{"line":28,"column":0},"end":{"line":28,"column":23}}},"branchMap":{"1":{"line":2,"type":"if","locations":[{"start":{"line":2,"column":2},"end":{"line":2,"column":2}},{"start":{"line":2,"column":2},"end":{"line":2,"column":2}}]},"2":{"line":2,"type":"binary-expr","locations":[{"start":{"line":2,"column":5},"end":{"line":2,"column":8}},{"start":{"line":2,"column":12},"end":{"line":2,"column":15}}]},"3":{"line":25,"type":"binary-expr","locations":[{"start":{"line":25,"column":10},"end":{"line":25,"column":26}},{"start":{"line":25,"column":30},"end":{"line":25,"column":72}}]}}},"/Users/Home/Desktop/OneDrive/CMU/FSE_TA/BSK-TDD/src/Game.js":{"path":"/Users/Home/Desktop/OneDrive/CMU/FSE_TA/BSK-TDD/src/Game.js","s":{"1":1,"2":1,"3":15,"4":15,"5":15,"6":15,"7":1,"8":109,"9":1,"10":8,"11":8,"12":80,"13":8,"14":1,"15":3,"16":1,"17":9,"18":9,"19":18,"20":9,"21":1,"22":110,"23":20,"24":2,"25":18,"26":90,"27":11,"28":8,"29":3,"30":79,"31":2,"32":77,"33":14,"34":8,"35":6,"36":63,"37":1,"38":2,"39":1,"40":7,"41":1},"b":{"1":[18,6],"2":[20,90],"3":[110,98,25],"4":[2,18],"5":[11,79],"6":[8,3],"7":[2,77],"8":[79,70,10],"9":[14,63],"10":[8,6]},"f":{"1":15,"2":109,"3":8,"4":3,"5":9,"6":110,"7":2,"8":7},"fnMap":{"1":{"name":"Game","line":3,"loc":{"start":{"line":3,"column":0},"end":{"line":3,"column":15}}},"2":{"name":"(anonymous_2)","line":10,"loc":{"start":{"line":10,"column":26},"end":{"line":10,"column":41}}},"3":{"name":"(anonymous_3)","line":14,"loc":{"start":{"line":14,"column":23},"end":{"line":14,"column":34}}},"4":{"name":"(anonymous_4)","line":22,"loc":{"start":{"line":22,"column":26},"end":{"line":22,"column":38}}},"5":{"name":"(anonymous_5)","line":26,"loc":{"start":{"line":26,"column":35},"end":{"line":26,"column":46}}},"6":{"name":"(anonymous_6)","line":35,"loc":{"start":{"line":35,"column":28},"end":{"line":35,"column":40}}},"7":{"name":"(anonymous_7)","line":72,"loc":{"start":{"line":72,"column":25},"end":{"line":72,"column":37}}},"8":{"name":"(anonymous_8)","line":76,"loc":{"start":{"line":76,"column":31},"end":{"line":76,"column":52}}}},"statementMap":{"1":{"start":{"line":1,"column":0},"end":{"line":1,"column":34}},"2":{"start":{"line":3,"column":0},"end":{"line":8,"column":1}},"3":{"start":{"line":4,"column":4},"end":{"line":4,"column":22}},"4":{"start":{"line":5,"column":4},"end":{"line":5,"column":25}},"5":{"start":{"line":6,"column":4},"end":{"line":6,"column":27}},"6":{"start":{"line":7,"column":4},"end":{"line":7,"column":24}},"7":{"start":{"line":10,"column":0},"end":{"line":12,"column":2}},"8":{"start":{"line":11,"column":2},"end":{"line":11,"column":27}},"9":{"start":{"line":14,"column":0},"end":{"line":20,"column":2}},"10":{"start":{"line":15,"column":6},"end":{"line":15,"column":24}},"11":{"start":{"line":16,"column":6},"end":{"line":18,"column":7}},"12":{"start":{"line":17,"column":8},"end":{"line":17,"column":42}},"13":{"start":{"line":19,"column":6},"end":{"line":19,"column":23}},"14":{"start":{"line":22,"column":0},"end":{"line":24,"column":2}},"15":{"start":{"line":23,"column":2},"end":{"line":23,"column":38}},"16":{"start":{"line":26,"column":0},"end":{"line":33,"column":2}},"17":{"start":{"line":27,"column":2},"end":{"line":27,"column":16}},"18":{"start":{"line":28,"column":2},"end":{"line":31,"column":3}},"19":{"start":{"line":30,"column":3},"end":{"line":30,"column":36}},"20":{"start":{"line":32,"column":2},"end":{"line":32,"column":15}},"21":{"start":{"line":35,"column":0},"end":{"line":70,"column":2}},"22":{"start":{"line":37,"column":2},"end":{"line":69,"column":3}},"23":{"start":{"line":38,"column":3},"end":{"line":44,"column":4}},"24":{"start":{"line":39,"column":4},"end":{"line":39,"column":84}},"25":{"start":{"line":41,"column":4},"end":{"line":43,"column":38}},"26":{"start":{"line":47,"column":7},"end":{"line":69,"column":3}},"27":{"start":{"line":48,"column":3},"end":{"line":52,"column":4}},"28":{"start":{"line":49,"column":4},"end":{"line":49,"column":61}},"29":{"start":{"line":51,"column":4},"end":{"line":51,"column":60}},"30":{"start":{"line":54,"column":7},"end":{"line":69,"column":3}},"31":{"start":{"line":57,"column":3},"end":{"line":57,"column":34}},"32":{"start":{"line":59,"column":7},"end":{"line":69,"column":3}},"33":{"start":{"line":60,"column":3},"end":{"line":65,"column":4}},"34":{"start":{"line":61,"column":4},"end":{"line":62,"column":34}},"35":{"start":{"line":64,"column":4},"end":{"line":64,"column":60}},"36":{"start":{"line":68,"column":3},"end":{"line":68,"column":34}},"37":{"start":{"line":72,"column":0},"end":{"line":74,"column":2}},"38":{"start":{"line":73,"column":2},"end":{"line":73,"column":37}},"39":{"start":{"line":76,"column":0},"end":{"line":78,"column":2}},"40":{"start":{"line":77,"column":2},"end":{"line":77,"column":53}},"41":{"start":{"line":80,"column":0},"end":{"line":80,"column":22}}},"branchMap":{"1":{"line":30,"type":"binary-expr","locations":[{"start":{"line":30,"column":10},"end":{"line":30,"column":30}},{"start":{"line":30,"column":34},"end":{"line":30,"column":35}}]},"2":{"line":37,"type":"if","locations":[{"start":{"line":37,"column":2},"end":{"line":37,"column":2}},{"start":{"line":37,"column":2},"end":{"line":37,"column":2}}]},"3":{"line":37,"type":"binary-expr","locations":[{"start":{"line":37,"column":6},"end":{"line":37,"column":24}},{"start":{"line":37,"column":28},"end":{"line":37,"column":54}},{"start":{"line":37,"column":58},"end":{"line":37,"column":86}}]},"4":{"line":38,"type":"if","locations":[{"start":{"line":38,"column":3},"end":{"line":38,"column":3}},{"start":{"line":38,"column":3},"end":{"line":38,"column":3}}]},"5":{"line":47,"type":"if","locations":[{"start":{"line":47,"column":7},"end":{"line":47,"column":7}},{"start":{"line":47,"column":7},"end":{"line":47,"column":7}}]},"6":{"line":48,"type":"if","locations":[{"start":{"line":48,"column":3},"end":{"line":48,"column":3}},{"start":{"line":48,"column":3},"end":{"line":48,"column":3}}]},"7":{"line":54,"type":"if","locations":[{"start":{"line":54,"column":7},"end":{"line":54,"column":7}},{"start":{"line":54,"column":7},"end":{"line":54,"column":7}}]},"8":{"line":54,"type":"binary-expr","locations":[{"start":{"line":54,"column":10},"end":{"line":54,"column":28}},{"start":{"line":55,"column":7},"end":{"line":55,"column":34}},{"start":{"line":56,"column":7},"end":{"line":56,"column":32}}]},"9":{"line":59,"type":"if","locations":[{"start":{"line":59,"column":7},"end":{"line":59,"column":7}},{"start":{"line":59,"column":7},"end":{"line":59,"column":7}}]},"10":{"line":60,"type":"if","locations":[{"start":{"line":60,"column":3},"end":{"line":60,"column":3}},{"start":{"line":60,"column":3},"end":{"line":60,"column":3}}]}}}}