TN:
SF:/Users/joaodiogofalcao/Dropbox/PhD:Job/Talks/BSK/src/Frame.js
FN:1,Frame
FN:9,(anonymous_2)
FN:12,(anonymous_3)
FN:16,(anonymous_4)
FN:20,(anonymous_5)
FN:24,(anonymous_6)
FNF:6
FNH:6
FNDA:116,Frame
FNDA:27,(anonymous_2)
FNDA:1,(anonymous_3)
FNDA:379,(anonymous_4)
FNDA:139,(anonymous_5)
FNDA:161,(anonymous_6)
DA:1,1
DA:2,116
DA:3,1
DA:5,115
DA:6,115
DA:9,1
DA:10,27
DA:12,1
DA:13,1
DA:16,1
DA:17,379
DA:20,1
DA:21,139
DA:24,1
DA:25,161
DA:28,1
LF:16
LH:16
BRDA:2,1,0,1
BRDA:2,1,1,115
BRDA:2,2,0,116
BRDA:2,2,1,116
BRDA:25,3,0,161
BRDA:25,3,1,159
BRF:6
BRH:6
end_of_record
TN:
SF:/Users/joaodiogofalcao/Dropbox/PhD:Job/Talks/BSK/src/Game.js
FN:3,Game
FN:10,(anonymous_2)
FN:14,(anonymous_3)
FN:22,(anonymous_4)
FN:26,(anonymous_5)
FN:35,(anonymous_6)
FN:72,(anonymous_7)
FN:76,(anonymous_8)
FNF:8
FNH:8
FNDA:15,Game
FNDA:109,(anonymous_2)
FNDA:8,(anonymous_3)
FNDA:3,(anonymous_4)
FNDA:9,(anonymous_5)
FNDA:110,(anonymous_6)
FNDA:2,(anonymous_7)
FNDA:7,(anonymous_8)
DA:1,1
DA:3,1
DA:4,15
DA:5,15
DA:6,15
DA:7,15
DA:10,1
DA:11,109
DA:14,1
DA:15,8
DA:16,8
DA:17,80
DA:19,8
DA:22,1
DA:23,3
DA:26,1
DA:27,9
DA:28,9
DA:30,18
DA:32,9
DA:35,1
DA:37,110
DA:38,20
DA:39,2
DA:41,18
DA:47,90
DA:48,11
DA:49,8
DA:51,3
DA:54,79
DA:57,2
DA:59,77
DA:60,14
DA:61,8
DA:64,6
DA:68,63
DA:72,1
DA:73,2
DA:76,1
DA:77,7
DA:80,1
LF:41
LH:41
BRDA:30,1,0,18
BRDA:30,1,1,6
BRDA:37,2,0,20
BRDA:37,2,1,90
BRDA:37,3,0,110
BRDA:37,3,1,98
BRDA:37,3,2,25
BRDA:38,4,0,2
BRDA:38,4,1,18
BRDA:47,5,0,11
BRDA:47,5,1,79
BRDA:48,6,0,8
BRDA:48,6,1,3
BRDA:54,7,0,2
BRDA:54,7,1,77
BRDA:54,8,0,79
BRDA:54,8,1,70
BRDA:54,8,2,10
BRDA:59,9,0,14
BRDA:59,9,1,63
BRDA:60,10,0,8
BRDA:60,10,1,6
BRF:22
BRH:22
end_of_record
